# JRE version: OpenJDK Runtime Environment Temurin-21.0.10+7 (21.0.10+7) (build 21.0.10+7-LTS)
# Java VM: OpenJDK 64-Bit Server VM Temurin-21.0.10+7 (21.0.10+7-LTS, mixed mode, sharing, tiered, compressed oops, compressed class ptrs, parallel gc, windows-amd64)
GC Precious Log:
 CardTable entry size: 512
 CPUs: 24 total, 24 available
 Memory: 32691M
 Large Page Support: Disabled
 NUMA Support: Disabled
 Compressed Oops: Enabled (32-bit)
 Alignments: Space 512K, Generation 512K, Heap 2M
 Heap Min Capacity: 100M
 Heap Initial Capacity: 100M
 Heap Max Capacity: 2G
 Pre-touch: Disabled
 Parallel Workers: 18
Heap:
 PSYoungGen      total 9728K, used 9707K [0x00000000d5580000, 0x00000000d6500000, 0x0000000100000000)
  eden space 7680K, 100% used [0x00000000d5580000,0x00000000d5d00000,0x00000000d5d00000)
  from space 2048K, 98% used [0x00000000d5d00000,0x00000000d5efac98,0x00000000d5f00000)
  to   space 4096K, 50% used [0x00000000d6100000,0x00000000d6302220,0x00000000d6500000)
 ParOldGen       total 228864K, used 228861K [0x0000000080000000, 0x000000008df80000, 0x00000000d5580000)
  object space 228864K, 99% used [0x0000000080000000,0x000000008df7f700,0x000000008df80000)
 Metaspace       used 72564K, committed 74176K, reserved 1179648K
  class space    used 7673K, committed 8384K, reserved 1048576K
GC Heap History (20 events):
Event: 31.983 GC heap after
{Heap after GC invocations=157 (full 3):
 PSYoungGen      total 8192K, used 1576K [0x00000000d5580000, 0x00000000d5f80000, 0x0000000100000000)
  eden space 6144K, 0% used [0x00000000d5580000,0x00000000d5580000,0x00000000d5b80000)
  from space 2048K, 76% used [0x00000000d5d80000,0x00000000d5f0a080,0x00000000d5f80000)
  to   space 2048K, 0% used [0x00000000d5b80000,0x00000000d5b80000,0x00000000d5d80000)
 ParOldGen       total 215040K, used 214856K [0x0000000080000000, 0x000000008d200000, 0x00000000d5580000)
  object space 215040K, 99% used [0x0000000080000000,0x000000008d1d23a8,0x000000008d200000)
 Metaspace       used 72504K, committed 74112K, reserved 1179648K
  class space    used 7665K, committed 8384K, reserved 1048576K
}
Event: 31.993 GC heap before
{Heap before GC invocations=158 (full 3):
 PSYoungGen      total 8192K, used 7720K [0x00000000d5580000, 0x00000000d5f80000, 0x0000000100000000)
  eden space 6144K, 100% used [0x00000000d5580000,0x00000000d5b80000,0x00000000d5b80000)
  from space 2048K, 76% used [0x00000000d5d80000,0x00000000d5f0a080,0x00000000d5f80000)
  to   space 2048K, 0% used [0x00000000d5b80000,0x00000000d5b80000,0x00000000d5d80000)
 ParOldGen       total 215040K, used 214856K [0x0000000080000000, 0x000000008d200000, 0x00000000d5580000)
  object space 215040K, 99% used [0x0000000080000000,0x000000008d1d23a8,0x000000008d200000)
 Metaspace       used 72504K, committed 74112K, reserved 1179648K
  class space    used 7665K, committed 8384K, reserved 1048576K
}
Event: 31.995 GC heap after
{Heap after GC invocations=158 (full 3):
 PSYoungGen      total 8192K, used 1628K [0x00000000d5580000, 0x00000000d5f80000, 0x0000000100000000)
  eden space 6144K, 0% used [0x00000000d5580000,0x00000000d5580000,0x00000000d5b80000)
  from space 2048K, 79% used [0x00000000d5b80000,0x00000000d5d17338,0x00000000d5d80000)
  to   space 2048K, 0% used [0x00000000d5d80000,0x00000000d5d80000,0x00000000d5f80000)
 ParOldGen       total 216576K, used 216227K [0x0000000080000000, 0x000000008d380000, 0x00000000d5580000)
  object space 216576K, 99% used [0x0000000080000000,0x000000008d328cf0,0x000000008d380000)
 Metaspace       used 72504K, committed 74112K, reserved 1179648K
  class space    used 7665K, committed 8384K, reserved 1048576K
}
Event: 32.005 GC heap before
{Heap before GC invocations=159 (full 3):
 PSYoungGen      total 8192K, used 7772K [0x00000000d5580000, 0x00000000d5f80000, 0x0000000100000000)
  eden space 6144K, 100% used [0x00000000d5580000,0x00000000d5b80000,0x00000000d5b80000)
  from space 2048K, 79% used [0x00000000d5b80000,0x00000000d5d17338,0x00000000d5d80000)
  to   space 2048K, 0% used [0x00000000d5d80000,0x00000000d5d80000,0x00000000d5f80000)
 ParOldGen       total 216576K, used 216227K [0x0000000080000000, 0x000000008d380000, 0x00000000d5580000)
  object space 216576K, 99% used [0x0000000080000000,0x000000008d328cf0,0x000000008d380000)
 Metaspace       used 72504K, committed 74112K, reserved 1179648K
  class space    used 7665K, committed 8384K, reserved 1048576K
}
Event: 32.006 GC heap after
{Heap after GC invocations=159 (full 3):
 PSYoungGen      total 8192K, used 1678K [0x00000000d5580000, 0x00000000d5f80000, 0x0000000100000000)
  eden space 6144K, 0% used [0x00000000d5580000,0x00000000d5580000,0x00000000d5b80000)
  from space 2048K, 81% used [0x00000000d5d80000,0x00000000d5f23be0,0x00000000d5f80000)
  to   space 2048K, 0% used [0x00000000d5b80000,0x00000000d5b80000,0x00000000d5d80000)
 ParOldGen       total 217600K, used 217584K [0x0000000080000000, 0x000000008d480000, 0x00000000d5580000)
  object space 217600K, 99% used [0x0000000080000000,0x000000008d47c090,0x000000008d480000)
 Metaspace       used 72504K, committed 74112K, reserved 1179648K
  class space    used 7665K, committed 8384K, reserved 1048576K
}
Event: 32.016 GC heap before
{Heap before GC invocations=160 (full 3):
 PSYoungGen      total 8192K, used 7822K [0x00000000d5580000, 0x00000000d5f80000, 0x0000000100000000)
  eden space 6144K, 100% used [0x00000000d5580000,0x00000000d5b80000,0x00000000d5b80000)
  from space 2048K, 81% used [0x00000000d5d80000,0x00000000d5f23be0,0x00000000d5f80000)
  to   space 2048K, 0% used [0x00000000d5b80000,0x00000000d5b80000,0x00000000d5d80000)
 ParOldGen       total 217600K, used 217584K [0x0000000080000000, 0x000000008d480000, 0x00000000d5580000)
  object space 217600K, 99% used [0x0000000080000000,0x000000008d47c090,0x000000008d480000)
 Metaspace       used 72564K, committed 74176K, reserved 1179648K
  class space    used 7673K, committed 8384K, reserved 1048576K
}
Event: 32.018 GC heap after
{Heap after GC invocations=160 (full 3):
 PSYoungGen      total 8192K, used 1543K [0x00000000d5580000, 0x00000000d5f80000, 0x0000000100000000)
  eden space 6144K, 0% used [0x00000000d5580000,0x00000000d5580000,0x00000000d5b80000)
  from space 2048K, 75% used [0x00000000d5b80000,0x00000000d5d01fe0,0x00000000d5d80000)
  to   space 2048K, 0% used [0x00000000d5d80000,0x00000000d5d80000,0x00000000d5f80000)
 ParOldGen       total 219136K, used 219017K [0x0000000080000000, 0x000000008d600000, 0x00000000d5580000)
  object space 219136K, 99% used [0x0000000080000000,0x000000008d5e26f8,0x000000008d600000)
 Metaspace       used 72564K, committed 74176K, reserved 1179648K
  class space    used 7673K, committed 8384K, reserved 1048576K
}
Event: 32.033 GC heap before
{Heap before GC invocations=161 (full 3):
 PSYoungGen      total 8192K, used 7687K [0x00000000d5580000, 0x00000000d5f80000, 0x0000000100000000)
  eden space 6144K, 100% used [0x00000000d5580000,0x00000000d5b80000,0x00000000d5b80000)
  from space 2048K, 75% used [0x00000000d5b80000,0x00000000d5d01fe0,0x00000000d5d80000)
  to   space 2048K, 0% used [0x00000000d5d80000,0x00000000d5d80000,0x00000000d5f80000)
 ParOldGen       total 219136K, used 219017K [0x0000000080000000, 0x000000008d600000, 0x00000000d5580000)
  object space 219136K, 99% used [0x0000000080000000,0x000000008d5e26f8,0x000000008d600000)
 Metaspace       used 72564K, committed 74176K, reserved 1179648K
  class space    used 7673K, committed 8384K, reserved 1048576K
}
Event: 32.035 GC heap after
{Heap after GC invocations=161 (full 3):
 PSYoungGen      total 8192K, used 1544K [0x00000000d5580000, 0x00000000d5f80000, 0x0000000100000000)
  eden space 6144K, 0% used [0x00000000d5580000,0x00000000d5580000,0x00000000d5b80000)
  from space 2048K, 75% used [0x00000000d5d80000,0x00000000d5f02270,0x00000000d5f80000)
  to   space 2048K, 0% used [0x00000000d5b80000,0x00000000d5b80000,0x00000000d5d80000)
 ParOldGen       total 220672K, used 220274K [0x0000000080000000, 0x000000008d780000, 0x00000000d5580000)
  object space 220672K, 99% used [0x0000000080000000,0x000000008d71cb40,0x000000008d780000)
 Metaspace       used 72564K, committed 74176K, reserved 1179648K
  class space    used 7673K, committed 8384K, reserved 1048576K
}
Event: 32.051 GC heap before
{Heap before GC invocations=162 (full 3):
 PSYoungGen      total 8192K, used 7688K [0x00000000d5580000, 0x00000000d5f80000, 0x0000000100000000)
  eden space 6144K, 100% used [0x00000000d5580000,0x00000000d5b80000,0x00000000d5b80000)
  from space 2048K, 75% used [0x00000000d5d80000,0x00000000d5f02270,0x00000000d5f80000)
  to   space 2048K, 0% used [0x00000000d5b80000,0x00000000d5b80000,0x00000000d5d80000)
 ParOldGen       total 220672K, used 220274K [0x0000000080000000, 0x000000008d780000, 0x00000000d5580000)
  object space 220672K, 99% used [0x0000000080000000,0x000000008d71cb40,0x000000008d780000)
 Metaspace       used 72564K, committed 74176K, reserved 1179648K
  class space    used 7673K, committed 8384K, reserved 1048576K
}
Event: 32.053 GC heap after
{Heap after GC invocations=162 (full 3):
 PSYoungGen      total 8192K, used 1684K [0x00000000d5580000, 0x00000000d5f80000, 0x0000000100000000)
  eden space 6144K, 0% used [0x00000000d5580000,0x00000000d5580000,0x00000000d5b80000)
  from space 2048K, 82% used [0x00000000d5b80000,0x00000000d5d25138,0x00000000d5d80000)
  to   space 2048K, 0% used [0x00000000d5d80000,0x00000000d5d80000,0x00000000d5f80000)
 ParOldGen       total 221696K, used 221631K [0x0000000080000000, 0x000000008d880000, 0x00000000d5580000)
  object space 221696K, 99% used [0x0000000080000000,0x000000008d86fe70,0x000000008d880000)
 Metaspace       used 72564K, committed 74176K, reserved 1179648K
  class space    used 7673K, committed 8384K, reserved 1048576K
}
Event: 32.065 GC heap before
{Heap before GC invocations=163 (full 3):
 PSYoungGen      total 8192K, used 7828K [0x00000000d5580000, 0x00000000d5f80000, 0x0000000100000000)
  eden space 6144K, 100% used [0x00000000d5580000,0x00000000d5b80000,0x00000000d5b80000)
  from space 2048K, 82% used [0x00000000d5b80000,0x00000000d5d25138,0x00000000d5d80000)
  to   space 2048K, 0% used [0x00000000d5d80000,0x00000000d5d80000,0x00000000d5f80000)
 ParOldGen       total 221696K, used 221631K [0x0000000080000000, 0x000000008d880000, 0x00000000d5580000)
  object space 221696K, 99% used [0x0000000080000000,0x000000008d86fe70,0x000000008d880000)
 Metaspace       used 72564K, committed 74176K, reserved 1179648K
  class space    used 7673K, committed 8384K, reserved 1048576K
}
Event: 33.066 GC heap after
{Heap after GC invocations=163 (full 3):
 PSYoungGen      total 8192K, used 1631K [0x00000000d5580000, 0x00000000d6100000, 0x0000000100000000)
  eden space 6144K, 0% used [0x00000000d5580000,0x00000000d5580000,0x00000000d5b80000)
  from space 2048K, 79% used [0x00000000d5d80000,0x00000000d5f17c60,0x00000000d5f80000)
  to   space 2048K, 0% used [0x00000000d5b80000,0x00000000d5b80000,0x00000000d5d80000)
 ParOldGen       total 223232K, used 223042K [0x0000000080000000, 0x000000008da00000, 0x00000000d5580000)
  object space 223232K, 99% used [0x0000000080000000,0x000000008d9d0a38,0x000000008da00000)
 Metaspace       used 72564K, committed 74176K, reserved 1179648K
  class space    used 7673K, committed 8384K, reserved 1048576K
}
Event: 33.079 GC heap before
{Heap before GC invocations=164 (full 3):
 PSYoungGen      total 8192K, used 7775K [0x00000000d5580000, 0x00000000d6100000, 0x0000000100000000)
  eden space 6144K, 100% used [0x00000000d5580000,0x00000000d5b80000,0x00000000d5b80000)
  from space 2048K, 79% used [0x00000000d5d80000,0x00000000d5f17c60,0x00000000d5f80000)
  to   space 2048K, 0% used [0x00000000d5b80000,0x00000000d5b80000,0x00000000d5d80000)
 ParOldGen       total 223232K, used 223042K [0x0000000080000000, 0x000000008da00000, 0x00000000d5580000)
  object space 223232K, 99% used [0x0000000080000000,0x000000008d9d0a38,0x000000008da00000)
 Metaspace       used 72564K, committed 74176K, reserved 1179648K
  class space    used 7673K, committed 8384K, reserved 1048576K
}
Event: 33.080 GC heap after
{Heap after GC invocations=164 (full 3):
 PSYoungGen      total 8192K, used 1649K [0x00000000d5580000, 0x00000000d6100000, 0x0000000100000000)
  eden space 6144K, 0% used [0x00000000d5580000,0x00000000d5580000,0x00000000d5b80000)
  from space 2048K, 80% used [0x00000000d5b80000,0x00000000d5d1c548,0x00000000d5d80000)
  to   space 2048K, 0% used [0x00000000d5f00000,0x00000000d5f00000,0x00000000d6100000)
 ParOldGen       total 224768K, used 224510K [0x0000000080000000, 0x000000008db80000, 0x00000000d5580000)
  object space 224768K, 99% used [0x0000000080000000,0x000000008db3fa58,0x000000008db80000)
 Metaspace       used 72564K, committed 74176K, reserved 1179648K
  class space    used 7673K, committed 8384K, reserved 1048576K
}
Event: 33.091 GC heap before
{Heap before GC invocations=165 (full 3):
 PSYoungGen      total 8192K, used 7793K [0x00000000d5580000, 0x00000000d6100000, 0x0000000100000000)
  eden space 6144K, 100% used [0x00000000d5580000,0x00000000d5b80000,0x00000000d5b80000)
  from space 2048K, 80% used [0x00000000d5b80000,0x00000000d5d1c548,0x00000000d5d80000)
  to   space 2048K, 0% used [0x00000000d5f00000,0x00000000d5f00000,0x00000000d6100000)
 ParOldGen       total 224768K, used 224510K [0x0000000080000000, 0x000000008db80000, 0x00000000d5580000)
  object space 224768K, 99% used [0x0000000080000000,0x000000008db3fa58,0x000000008db80000)
 Metaspace       used 72564K, committed 74176K, reserved 1179648K
  class space    used 7673K, committed 8384K, reserved 1048576K
}
Event: 33.092 GC heap after
{Heap after GC invocations=165 (full 3):
 PSYoungGen      total 9728K, used 1630K [0x00000000d5580000, 0x00000000d6100000, 0x0000000100000000)
  eden space 7680K, 0% used [0x00000000d5580000,0x00000000d5580000,0x00000000d5d00000)
  from space 2048K, 79% used [0x00000000d5f00000,0x00000000d6097b68,0x00000000d6100000)
  to   space 2048K, 0% used [0x00000000d5d00000,0x00000000d5d00000,0x00000000d5f00000)
 ParOldGen       total 226304K, used 225939K [0x0000000080000000, 0x000000008dd00000, 0x00000000d5580000)
  object space 226304K, 99% used [0x0000000080000000,0x000000008dca4d00,0x000000008dd00000)
 Metaspace       used 72564K, committed 74176K, reserved 1179648K
  class space    used 7673K, committed 8384K, reserved 1048576K
}
Event: 33.107 GC heap before
{Heap before GC invocations=166 (full 3):
 PSYoungGen      total 9728K, used 9310K [0x00000000d5580000, 0x00000000d6100000, 0x0000000100000000)
  eden space 7680K, 100% used [0x00000000d5580000,0x00000000d5d00000,0x00000000d5d00000)
  from space 2048K, 79% used [0x00000000d5f00000,0x00000000d6097b68,0x00000000d6100000)
  to   space 2048K, 0% used [0x00000000d5d00000,0x00000000d5d00000,0x00000000d5f00000)
 ParOldGen       total 226304K, used 225939K [0x0000000080000000, 0x000000008dd00000, 0x00000000d5580000)
  object space 226304K, 99% used [0x0000000080000000,0x000000008dca4d00,0x000000008dd00000)
 Metaspace       used 72564K, committed 74176K, reserved 1179648K
  class space    used 7673K, committed 8384K, reserved 1048576K
}
Event: 33.108 GC heap after
{Heap after GC invocations=166 (full 3):
 PSYoungGen      total 9728K, used 2027K [0x00000000d5580000, 0x00000000d6500000, 0x0000000100000000)
  eden space 7680K, 0% used [0x00000000d5580000,0x00000000d5580000,0x00000000d5d00000)
  from space 2048K, 98% used [0x00000000d5d00000,0x00000000d5efac98,0x00000000d5f00000)
  to   space 4096K, 0% used [0x00000000d6100000,0x00000000d6100000,0x00000000d6500000)
 ParOldGen       total 227328K, used 227294K [0x0000000080000000, 0x000000008de00000, 0x00000000d5580000)
  object space 227328K, 99% used [0x0000000080000000,0x000000008ddf78f0,0x000000008de00000)
 Metaspace       used 72564K, committed 74176K, reserved 1179648K
  class space    used 7673K, committed 8384K, reserved 1048576K
}
Event: 33.123 GC heap before
{Heap before GC invocations=167 (full 3):
 PSYoungGen      total 9728K, used 9707K [0x00000000d5580000, 0x00000000d6500000, 0x0000000100000000)
  eden space 7680K, 100% used [0x00000000d5580000,0x00000000d5d00000,0x00000000d5d00000)
  from space 2048K, 98% used [0x00000000d5d00000,0x00000000d5efac98,0x00000000d5f00000)
  to   space 4096K, 0% used [0x00000000d6100000,0x00000000d6100000,0x00000000d6500000)
 ParOldGen       total 227328K, used 227294K [0x0000000080000000, 0x000000008de00000, 0x00000000d5580000)
  object space 227328K, 99% used [0x0000000080000000,0x000000008ddf78f0,0x000000008de00000)
 Metaspace       used 72564K, committed 74176K, reserved 1179648K
  class space    used 7673K, committed 8384K, reserved 1048576K
}

