# JRE version: OpenJDK Runtime Environment Temurin-21.0.10+7 (21.0.10+7) (build 21.0.10+7-LTS)
# Java VM: OpenJDK 64-Bit Server VM Temurin-21.0.10+7 (21.0.10+7-LTS, mixed mode, sharing, tiered, compressed oops, compressed class ptrs, parallel gc, windows-amd64)
GC Precious Log:
 CardTable entry size: 512
 CPUs: 24 total, 24 available
 Memory: 32691M
 Large Page Support: Disabled
 NUMA Support: Disabled
 Compressed Oops: Enabled (32-bit)
 Alignments: Space 512K, Generation 512K, Heap 2M
 Heap Min Capacity: 100M
 Heap Initial Capacity: 100M
 Heap Max Capacity: 2G
 Pre-touch: Disabled
 Parallel Workers: 18
Heap:
 PSYoungGen      total 13824K, used 2559K [0x00000000d5580000, 0x00000000d6580000, 0x0000000100000000)
  eden space 11264K, 0% used [0x00000000d5580000,0x00000000d5580000,0x00000000d6080000)
  from space 2560K, 99% used [0x00000000d6300000,0x00000000d657fd60,0x00000000d6580000)
  to   space 2560K, 0% used [0x00000000d6080000,0x00000000d6080000,0x00000000d6300000)
 ParOldGen       total 200192K, used 199964K [0x0000000080000000, 0x000000008c380000, 0x00000000d5580000)
  object space 200192K, 99% used [0x0000000080000000,0x000000008c3470c0,0x000000008c380000)
 Metaspace       used 48395K, committed 49600K, reserved 1114112K
  class space    used 5200K, committed 5760K, reserved 1048576K
GC Heap History (20 events):
Event: 17.167 GC heap after
{Heap after GC invocations=74 (full 2):
 PSYoungGen      total 11776K, used 2341K [0x00000000d5580000, 0x00000000d6500000, 0x0000000100000000)
  eden space 9216K, 0% used [0x00000000d5580000,0x00000000d5580000,0x00000000d5e80000)
  from space 2560K, 91% used [0x00000000d6280000,0x00000000d64c9730,0x00000000d6500000)
  to   space 3072K, 0% used [0x00000000d5f00000,0x00000000d5f00000,0x00000000d6200000)
 ParOldGen       total 177152K, used 177010K [0x0000000080000000, 0x000000008ad00000, 0x00000000d5580000)
  object space 177152K, 99% used [0x0000000080000000,0x000000008acdca78,0x000000008ad00000)
 Metaspace       used 47852K, committed 49152K, reserved 1114112K
  class space    used 5119K, committed 5696K, reserved 1048576K
}
Event: 17.187 GC heap before
{Heap before GC invocations=75 (full 2):
 PSYoungGen      total 11776K, used 11557K [0x00000000d5580000, 0x00000000d6500000, 0x0000000100000000)
  eden space 9216K, 100% used [0x00000000d5580000,0x00000000d5e80000,0x00000000d5e80000)
  from space 2560K, 91% used [0x00000000d6280000,0x00000000d64c9730,0x00000000d6500000)
  to   space 3072K, 0% used [0x00000000d5f00000,0x00000000d5f00000,0x00000000d6200000)
 ParOldGen       total 177152K, used 177010K [0x0000000080000000, 0x000000008ad00000, 0x00000000d5580000)
  object space 177152K, 99% used [0x0000000080000000,0x000000008acdca78,0x000000008ad00000)
 Metaspace       used 47895K, committed 49152K, reserved 1114112K
  class space    used 5126K, committed 5696K, reserved 1048576K
}
Event: 17.189 GC heap after
{Heap after GC invocations=75 (full 2):
 PSYoungGen      total 11776K, used 2329K [0x00000000d5580000, 0x00000000d6380000, 0x0000000100000000)
  eden space 9216K, 0% used [0x00000000d5580000,0x00000000d5580000,0x00000000d5e80000)
  from space 2560K, 91% used [0x00000000d5f00000,0x00000000d61467f0,0x00000000d6180000)
  to   space 2048K, 0% used [0x00000000d6180000,0x00000000d6180000,0x00000000d6380000)
 ParOldGen       total 179200K, used 179119K [0x0000000080000000, 0x000000008af00000, 0x00000000d5580000)
  object space 179200K, 99% used [0x0000000080000000,0x000000008aeebc70,0x000000008af00000)
 Metaspace       used 47895K, committed 49152K, reserved 1114112K
  class space    used 5126K, committed 5696K, reserved 1048576K
}
Event: 17.222 GC heap before
{Heap before GC invocations=76 (full 2):
 PSYoungGen      total 11776K, used 11545K [0x00000000d5580000, 0x00000000d6380000, 0x0000000100000000)
  eden space 9216K, 100% used [0x00000000d5580000,0x00000000d5e80000,0x00000000d5e80000)
  from space 2560K, 91% used [0x00000000d5f00000,0x00000000d61467f0,0x00000000d6180000)
  to   space 2048K, 0% used [0x00000000d6180000,0x00000000d6180000,0x00000000d6380000)
 ParOldGen       total 179200K, used 179119K [0x0000000080000000, 0x000000008af00000, 0x00000000d5580000)
  object space 179200K, 99% used [0x0000000080000000,0x000000008aeebc70,0x000000008af00000)
 Metaspace       used 47988K, committed 49216K, reserved 1114112K
  class space    used 5139K, committed 5696K, reserved 1048576K
}
Event: 17.228 GC heap after
{Heap after GC invocations=76 (full 2):
 PSYoungGen      total 10752K, used 1351K [0x00000000d5580000, 0x00000000d6300000, 0x0000000100000000)
  eden space 9216K, 0% used [0x00000000d5580000,0x00000000d5580000,0x00000000d5e80000)
  from space 1536K, 88% used [0x00000000d6180000,0x00000000d62d1fd0,0x00000000d6300000)
  to   space 2048K, 0% used [0x00000000d5f00000,0x00000000d5f00000,0x00000000d6100000)
 ParOldGen       total 184832K, used 184685K [0x0000000080000000, 0x000000008b480000, 0x00000000d5580000)
  object space 184832K, 99% used [0x0000000080000000,0x000000008b45b5a8,0x000000008b480000)
 Metaspace       used 47988K, committed 49216K, reserved 1114112K
  class space    used 5139K, committed 5696K, reserved 1048576K
}
Event: 17.263 GC heap before
{Heap before GC invocations=77 (full 2):
 PSYoungGen      total 10752K, used 10567K [0x00000000d5580000, 0x00000000d6300000, 0x0000000100000000)
  eden space 9216K, 100% used [0x00000000d5580000,0x00000000d5e80000,0x00000000d5e80000)
  from space 1536K, 88% used [0x00000000d6180000,0x00000000d62d1fd0,0x00000000d6300000)
  to   space 2048K, 0% used [0x00000000d5f00000,0x00000000d5f00000,0x00000000d6100000)
 ParOldGen       total 184832K, used 184685K [0x0000000080000000, 0x000000008b480000, 0x00000000d5580000)
  object space 184832K, 99% used [0x0000000080000000,0x000000008b45b5a8,0x000000008b480000)
 Metaspace       used 48043K, committed 49280K, reserved 1114112K
  class space    used 5145K, committed 5696K, reserved 1048576K
}
Event: 18.265 GC heap after
{Heap after GC invocations=77 (full 2):
 PSYoungGen      total 11264K, used 2020K [0x00000000d5580000, 0x00000000d6580000, 0x0000000100000000)
  eden space 9216K, 0% used [0x00000000d5580000,0x00000000d5580000,0x00000000d5e80000)
  from space 2048K, 98% used [0x00000000d5f00000,0x00000000d60f9250,0x00000000d6100000)
  to   space 3584K, 0% used [0x00000000d6200000,0x00000000d6200000,0x00000000d6580000)
 ParOldGen       total 186368K, used 185870K [0x0000000080000000, 0x000000008b600000, 0x00000000d5580000)
  object space 186368K, 99% used [0x0000000080000000,0x000000008b583a78,0x000000008b600000)
 Metaspace       used 48043K, committed 49280K, reserved 1114112K
  class space    used 5145K, committed 5696K, reserved 1048576K
}
Event: 18.282 GC heap before
{Heap before GC invocations=78 (full 2):
 PSYoungGen      total 11264K, used 11236K [0x00000000d5580000, 0x00000000d6580000, 0x0000000100000000)
  eden space 9216K, 100% used [0x00000000d5580000,0x00000000d5e80000,0x00000000d5e80000)
  from space 2048K, 98% used [0x00000000d5f00000,0x00000000d60f9250,0x00000000d6100000)
  to   space 3584K, 0% used [0x00000000d6200000,0x00000000d6200000,0x00000000d6580000)
 ParOldGen       total 186368K, used 185870K [0x0000000080000000, 0x000000008b600000, 0x00000000d5580000)
  object space 186368K, 99% used [0x0000000080000000,0x000000008b583a78,0x000000008b600000)
 Metaspace       used 48086K, committed 49344K, reserved 1114112K
  class space    used 5151K, committed 5696K, reserved 1048576K
}
Event: 18.284 GC heap after
{Heap after GC invocations=78 (full 2):
 PSYoungGen      total 11776K, used 2314K [0x00000000d5580000, 0x00000000d6480000, 0x0000000100000000)
  eden space 9216K, 0% used [0x00000000d5580000,0x00000000d5580000,0x00000000d5e80000)
  from space 2560K, 90% used [0x00000000d6200000,0x00000000d6442930,0x00000000d6480000)
  to   space 3072K, 0% used [0x00000000d5e80000,0x00000000d5e80000,0x00000000d6180000)
 ParOldGen       total 187904K, used 187879K [0x0000000080000000, 0x000000008b780000, 0x00000000d5580000)
  object space 187904K, 99% used [0x0000000080000000,0x000000008b779d98,0x000000008b780000)
 Metaspace       used 48086K, committed 49344K, reserved 1114112K
  class space    used 5151K, committed 5696K, reserved 1048576K
}
Event: 18.300 GC heap before
{Heap before GC invocations=79 (full 2):
 PSYoungGen      total 11776K, used 11530K [0x00000000d5580000, 0x00000000d6480000, 0x0000000100000000)
  eden space 9216K, 100% used [0x00000000d5580000,0x00000000d5e80000,0x00000000d5e80000)
  from space 2560K, 90% used [0x00000000d6200000,0x00000000d6442930,0x00000000d6480000)
  to   space 3072K, 0% used [0x00000000d5e80000,0x00000000d5e80000,0x00000000d6180000)
 ParOldGen       total 187904K, used 187879K [0x0000000080000000, 0x000000008b780000, 0x00000000d5580000)
  object space 187904K, 99% used [0x0000000080000000,0x000000008b779d98,0x000000008b780000)
 Metaspace       used 48118K, committed 49408K, reserved 1114112K
  class space    used 5159K, committed 5760K, reserved 1048576K
}
Event: 18.302 GC heap after
{Heap after GC invocations=79 (full 2):
 PSYoungGen      total 11776K, used 2211K [0x00000000d5580000, 0x00000000d6380000, 0x0000000100000000)
  eden space 9216K, 0% used [0x00000000d5580000,0x00000000d5580000,0x00000000d5e80000)
  from space 2560K, 86% used [0x00000000d5e80000,0x00000000d60a8fc0,0x00000000d6100000)
  to   space 2560K, 0% used [0x00000000d6100000,0x00000000d6100000,0x00000000d6380000)
 ParOldGen       total 189952K, used 189926K [0x0000000080000000, 0x000000008b980000, 0x00000000d5580000)
  object space 189952K, 99% used [0x0000000080000000,0x000000008b979ad0,0x000000008b980000)
 Metaspace       used 48118K, committed 49408K, reserved 1114112K
  class space    used 5159K, committed 5760K, reserved 1048576K
}
Event: 18.317 GC heap before
{Heap before GC invocations=80 (full 2):
 PSYoungGen      total 11776K, used 11427K [0x00000000d5580000, 0x00000000d6380000, 0x0000000100000000)
  eden space 9216K, 100% used [0x00000000d5580000,0x00000000d5e80000,0x00000000d5e80000)
  from space 2560K, 86% used [0x00000000d5e80000,0x00000000d60a8fc0,0x00000000d6100000)
  to   space 2560K, 0% used [0x00000000d6100000,0x00000000d6100000,0x00000000d6380000)
 ParOldGen       total 189952K, used 189926K [0x0000000080000000, 0x000000008b980000, 0x00000000d5580000)
  object space 189952K, 99% used [0x0000000080000000,0x000000008b979ad0,0x000000008b980000)
 Metaspace       used 48149K, committed 49408K, reserved 1114112K
  class space    used 5164K, committed 5760K, reserved 1048576K
}
Event: 23.331 GC heap after
{Heap after GC invocations=80 (full 2):
 PSYoungGen      total 11776K, used 2258K [0x00000000d5580000, 0x00000000d6380000, 0x0000000100000000)
  eden space 9216K, 0% used [0x00000000d5580000,0x00000000d5580000,0x00000000d5e80000)
  from space 2560K, 88% used [0x00000000d6100000,0x00000000d6334940,0x00000000d6380000)
  to   space 2560K, 0% used [0x00000000d5e80000,0x00000000d5e80000,0x00000000d6100000)
 ParOldGen       total 192000K, used 191952K [0x0000000080000000, 0x000000008bb80000, 0x00000000d5580000)
  object space 192000K, 99% used [0x0000000080000000,0x000000008bb740f8,0x000000008bb80000)
 Metaspace       used 48149K, committed 49408K, reserved 1114112K
  class space    used 5164K, committed 5760K, reserved 1048576K
}
Event: 24.335 GC heap before
{Heap before GC invocations=81 (full 2):
 PSYoungGen      total 11776K, used 11474K [0x00000000d5580000, 0x00000000d6380000, 0x0000000100000000)
  eden space 9216K, 100% used [0x00000000d5580000,0x00000000d5e80000,0x00000000d5e80000)
  from space 2560K, 88% used [0x00000000d6100000,0x00000000d6334940,0x00000000d6380000)
  to   space 2560K, 0% used [0x00000000d5e80000,0x00000000d5e80000,0x00000000d6100000)
 ParOldGen       total 192000K, used 191952K [0x0000000080000000, 0x000000008bb80000, 0x00000000d5580000)
  object space 192000K, 99% used [0x0000000080000000,0x000000008bb740f8,0x000000008bb80000)
 Metaspace       used 48157K, committed 49408K, reserved 1114112K
  class space    used 5166K, committed 5760K, reserved 1048576K
}
Event: 25.336 GC heap after
{Heap after GC invocations=81 (full 2):
 PSYoungGen      total 11776K, used 2256K [0x00000000d5580000, 0x00000000d6580000, 0x0000000100000000)
  eden space 9216K, 0% used [0x00000000d5580000,0x00000000d5580000,0x00000000d5e80000)
  from space 2560K, 88% used [0x00000000d5e80000,0x00000000d60b41d0,0x00000000d6100000)
  to   space 2560K, 0% used [0x00000000d6300000,0x00000000d6300000,0x00000000d6580000)
 ParOldGen       total 194048K, used 193936K [0x0000000080000000, 0x000000008bd80000, 0x00000000d5580000)
  object space 194048K, 99% used [0x0000000080000000,0x000000008bd64018,0x000000008bd80000)
 Metaspace       used 48157K, committed 49408K, reserved 1114112K
  class space    used 5166K, committed 5760K, reserved 1048576K
}
Event: 26.354 GC heap before
{Heap before GC invocations=82 (full 2):
 PSYoungGen      total 11776K, used 11472K [0x00000000d5580000, 0x00000000d6580000, 0x0000000100000000)
  eden space 9216K, 100% used [0x00000000d5580000,0x00000000d5e80000,0x00000000d5e80000)
  from space 2560K, 88% used [0x00000000d5e80000,0x00000000d60b41d0,0x00000000d6100000)
  to   space 2560K, 0% used [0x00000000d6300000,0x00000000d6300000,0x00000000d6580000)
 ParOldGen       total 194048K, used 193936K [0x0000000080000000, 0x000000008bd80000, 0x00000000d5580000)
  object space 194048K, 99% used [0x0000000080000000,0x000000008bd64018,0x000000008bd80000)
 Metaspace       used 48208K, committed 49472K, reserved 1114112K
  class space    used 5174K, committed 5760K, reserved 1048576K
}
Event: 26.356 GC heap after
{Heap after GC invocations=82 (full 2):
 PSYoungGen      total 13824K, used 2217K [0x00000000d5580000, 0x00000000d6580000, 0x0000000100000000)
  eden space 11264K, 0% used [0x00000000d5580000,0x00000000d5580000,0x00000000d6080000)
  from space 2560K, 86% used [0x00000000d6300000,0x00000000d652a448,0x00000000d6580000)
  to   space 2560K, 0% used [0x00000000d6080000,0x00000000d6080000,0x00000000d6300000)
 ParOldGen       total 196096K, used 195944K [0x0000000080000000, 0x000000008bf80000, 0x00000000d5580000)
  object space 196096K, 99% used [0x0000000080000000,0x000000008bf5a038,0x000000008bf80000)
 Metaspace       used 48208K, committed 49472K, reserved 1114112K
  class space    used 5174K, committed 5760K, reserved 1048576K
}
Event: 26.377 GC heap before
{Heap before GC invocations=83 (full 2):
 PSYoungGen      total 13824K, used 13481K [0x00000000d5580000, 0x00000000d6580000, 0x0000000100000000)
  eden space 11264K, 99% used [0x00000000d5580000,0x00000000d607fff0,0x00000000d6080000)
  from space 2560K, 86% used [0x00000000d6300000,0x00000000d652a448,0x00000000d6580000)
  to   space 2560K, 0% used [0x00000000d6080000,0x00000000d6080000,0x00000000d6300000)
 ParOldGen       total 196096K, used 195944K [0x0000000080000000, 0x000000008bf80000, 0x00000000d5580000)
  object space 196096K, 99% used [0x0000000080000000,0x000000008bf5a038,0x000000008bf80000)
 Metaspace       used 48312K, committed 49536K, reserved 1114112K
  class space    used 5189K, committed 5760K, reserved 1048576K
}
Event: 26.378 GC heap after
{Heap after GC invocations=83 (full 2):
 PSYoungGen      total 13824K, used 2421K [0x00000000d5580000, 0x00000000d6580000, 0x0000000100000000)
  eden space 11264K, 0% used [0x00000000d5580000,0x00000000d5580000,0x00000000d6080000)
  from space 2560K, 94% used [0x00000000d6080000,0x00000000d62dd638,0x00000000d6300000)
  to   space 2560K, 0% used [0x00000000d6300000,0x00000000d6300000,0x00000000d6580000)
 ParOldGen       total 198144K, used 197840K [0x0000000080000000, 0x000000008c180000, 0x00000000d5580000)
  object space 198144K, 99% used [0x0000000080000000,0x000000008c1343e8,0x000000008c180000)
 Metaspace       used 48312K, committed 49536K, reserved 1114112K
  class space    used 5189K, committed 5760K, reserved 1048576K
}
Event: 26.400 GC heap before
{Heap before GC invocations=84 (full 2):
 PSYoungGen      total 13824K, used 13685K [0x00000000d5580000, 0x00000000d6580000, 0x0000000100000000)
  eden space 11264K, 100% used [0x00000000d5580000,0x00000000d6080000,0x00000000d6080000)
  from space 2560K, 94% used [0x00000000d6080000,0x00000000d62dd638,0x00000000d6300000)
  to   space 2560K, 0% used [0x00000000d6300000,0x00000000d6300000,0x00000000d6580000)
 ParOldGen       total 198144K, used 197840K [0x0000000080000000, 0x000000008c180000, 0x00000000d5580000)
  object space 198144K, 99% used [0x0000000080000000,0x000000008c1343e8,0x000000008c180000)
 Metaspace       used 48395K, committed 49600K, reserved 1114112K
  class space    used 5200K, committed 5760K, reserved 1048576K
}

