# JRE version: OpenJDK Runtime Environment Temurin-21.0.10+7 (21.0.10+7) (build 21.0.10+7-LTS)
# Java VM: OpenJDK 64-Bit Server VM Temurin-21.0.10+7 (21.0.10+7-LTS, mixed mode, sharing, tiered, compressed oops, compressed class ptrs, parallel gc, windows-amd64)
GC Precious Log:
 CardTable entry size: 512
 CPUs: 24 total, 24 available
 Memory: 32691M
 Large Page Support: Disabled
 NUMA Support: Disabled
 Compressed Oops: Enabled (32-bit)
 Alignments: Space 512K, Generation 512K, Heap 2M
 Heap Min Capacity: 100M
 Heap Initial Capacity: 100M
 Heap Max Capacity: 2G
 Pre-touch: Disabled
 Parallel Workers: 18
Heap:
 PSYoungGen      total 5632K, used 640K [0x00000000d5580000, 0x00000000d5c00000, 0x0000000100000000)
  eden space 4608K, 0% used [0x00000000d5580000,0x00000000d5580000,0x00000000d5a00000)
  from space 1024K, 62% used [0x00000000d5a00000,0x00000000d5aa0000,0x00000000d5b00000)
  to   space 1024K, 0% used [0x00000000d5b00000,0x00000000d5b00000,0x00000000d5c00000)
 ParOldGen       total 449536K, used 449102K [0x0000000080000000, 0x000000009b700000, 0x00000000d5580000)
  object space 449536K, 99% used [0x0000000080000000,0x000000009b6939a0,0x000000009b700000)
 Metaspace       used 62599K, committed 64064K, reserved 1114112K
  class space    used 6606K, committed 7296K, reserved 1048576K
GC Heap History (20 events):
Event: 12.319 GC heap after
{Heap after GC invocations=731 (full 3):
 PSYoungGen      total 5120K, used 736K [0x00000000d5580000, 0x00000000d5c00000, 0x0000000100000000)
  eden space 4096K, 0% used [0x00000000d5580000,0x00000000d5580000,0x00000000d5980000)
  from space 1024K, 71% used [0x00000000d5b00000,0x00000000d5bb8000,0x00000000d5c00000)
  to   space 1024K, 0% used [0x00000000d5980000,0x00000000d5980000,0x00000000d5a80000)
 ParOldGen       total 442880K, used 442380K [0x0000000080000000, 0x000000009b080000, 0x00000000d5580000)
  object space 442880K, 99% used [0x0000000080000000,0x000000009b0030f0,0x000000009b080000)
 Metaspace       used 62589K, committed 64064K, reserved 1114112K
  class space    used 6606K, committed 7296K, reserved 1048576K
}
Event: 12.326 GC heap before
{Heap before GC invocations=732 (full 3):
 PSYoungGen      total 5120K, used 4832K [0x00000000d5580000, 0x00000000d5c00000, 0x0000000100000000)
  eden space 4096K, 100% used [0x00000000d5580000,0x00000000d5980000,0x00000000d5980000)
  from space 1024K, 71% used [0x00000000d5b00000,0x00000000d5bb8000,0x00000000d5c00000)
  to   space 1024K, 0% used [0x00000000d5980000,0x00000000d5980000,0x00000000d5a80000)
 ParOldGen       total 442880K, used 442380K [0x0000000080000000, 0x000000009b080000, 0x00000000d5580000)
  object space 442880K, 99% used [0x0000000080000000,0x000000009b0030f0,0x000000009b080000)
 Metaspace       used 62589K, committed 64064K, reserved 1114112K
  class space    used 6606K, committed 7296K, reserved 1048576K
}
Event: 12.328 GC heap after
{Heap after GC invocations=732 (full 3):
 PSYoungGen      total 5120K, used 832K [0x00000000d5580000, 0x00000000d5b80000, 0x0000000100000000)
  eden space 4096K, 0% used [0x00000000d5580000,0x00000000d5580000,0x00000000d5980000)
  from space 1024K, 81% used [0x00000000d5980000,0x00000000d5a50000,0x00000000d5a80000)
  to   space 1024K, 0% used [0x00000000d5a80000,0x00000000d5a80000,0x00000000d5b80000)
 ParOldGen       total 442880K, used 442852K [0x0000000080000000, 0x000000009b080000, 0x00000000d5580000)
  object space 442880K, 99% used [0x0000000080000000,0x000000009b0790f0,0x000000009b080000)
 Metaspace       used 62589K, committed 64064K, reserved 1114112K
  class space    used 6606K, committed 7296K, reserved 1048576K
}
Event: 12.337 GC heap before
{Heap before GC invocations=733 (full 3):
 PSYoungGen      total 5120K, used 4928K [0x00000000d5580000, 0x00000000d5b80000, 0x0000000100000000)
  eden space 4096K, 100% used [0x00000000d5580000,0x00000000d5980000,0x00000000d5980000)
  from space 1024K, 81% used [0x00000000d5980000,0x00000000d5a50000,0x00000000d5a80000)
  to   space 1024K, 0% used [0x00000000d5a80000,0x00000000d5a80000,0x00000000d5b80000)
 ParOldGen       total 442880K, used 442852K [0x0000000080000000, 0x000000009b080000, 0x00000000d5580000)
  object space 442880K, 99% used [0x0000000080000000,0x000000009b0790f0,0x000000009b080000)
 Metaspace       used 62589K, committed 64064K, reserved 1114112K
  class space    used 6606K, committed 7296K, reserved 1048576K
}
Event: 12.338 GC heap after
{Heap after GC invocations=733 (full 3):
 PSYoungGen      total 4608K, used 1016K [0x00000000d5580000, 0x00000000d5c80000, 0x0000000100000000)
  eden space 3584K, 0% used [0x00000000d5580000,0x00000000d5580000,0x00000000d5900000)
  from space 1024K, 99% used [0x00000000d5a80000,0x00000000d5b7e2a0,0x00000000d5b80000)
  to   space 1536K, 0% used [0x00000000d5900000,0x00000000d5900000,0x00000000d5a80000)
 ParOldGen       total 443392K, used 443348K [0x0000000080000000, 0x000000009b100000, 0x00000000d5580000)
  object space 443392K, 99% used [0x0000000080000000,0x000000009b0f5100,0x000000009b100000)
 Metaspace       used 62589K, committed 64064K, reserved 1114112K
  class space    used 6606K, committed 7296K, reserved 1048576K
}
Event: 12.345 GC heap before
{Heap before GC invocations=734 (full 3):
 PSYoungGen      total 4608K, used 4600K [0x00000000d5580000, 0x00000000d5c80000, 0x0000000100000000)
  eden space 3584K, 99% used [0x00000000d5580000,0x00000000d58fffe8,0x00000000d5900000)
  from space 1024K, 99% used [0x00000000d5a80000,0x00000000d5b7e2a0,0x00000000d5b80000)
  to   space 1536K, 0% used [0x00000000d5900000,0x00000000d5900000,0x00000000d5a80000)
 ParOldGen       total 443392K, used 443348K [0x0000000080000000, 0x000000009b100000, 0x00000000d5580000)
  object space 443392K, 99% used [0x0000000080000000,0x000000009b0f5100,0x000000009b100000)
 Metaspace       used 62589K, committed 64064K, reserved 1114112K
  class space    used 6606K, committed 7296K, reserved 1048576K
}
Event: 12.346 GC heap after
{Heap after GC invocations=734 (full 3):
 PSYoungGen      total 4608K, used 995K [0x00000000d5580000, 0x00000000d5b00000, 0x0000000100000000)
  eden space 3584K, 0% used [0x00000000d5580000,0x00000000d5580000,0x00000000d5900000)
  from space 1024K, 97% used [0x00000000d5900000,0x00000000d59f8c60,0x00000000d5a00000)
  to   space 1024K, 0% used [0x00000000d5a00000,0x00000000d5a00000,0x00000000d5b00000)
 ParOldGen       total 443904K, used 443881K [0x0000000080000000, 0x000000009b180000, 0x00000000d5580000)
  object space 443904K, 99% used [0x0000000080000000,0x000000009b17a718,0x000000009b180000)
 Metaspace       used 62589K, committed 64064K, reserved 1114112K
  class space    used 6606K, committed 7296K, reserved 1048576K
}
Event: 12.352 GC heap before
{Heap before GC invocations=735 (full 3):
 PSYoungGen      total 4608K, used 4579K [0x00000000d5580000, 0x00000000d5b00000, 0x0000000100000000)
  eden space 3584K, 100% used [0x00000000d5580000,0x00000000d5900000,0x00000000d5900000)
  from space 1024K, 97% used [0x00000000d5900000,0x00000000d59f8c60,0x00000000d5a00000)
  to   space 1024K, 0% used [0x00000000d5a00000,0x00000000d5a00000,0x00000000d5b00000)
 ParOldGen       total 443904K, used 443881K [0x0000000080000000, 0x000000009b180000, 0x00000000d5580000)
  object space 443904K, 99% used [0x0000000080000000,0x000000009b17a718,0x000000009b180000)
 Metaspace       used 62589K, committed 64064K, reserved 1114112K
  class space    used 6606K, committed 7296K, reserved 1048576K
}
Event: 12.354 GC heap after
{Heap after GC invocations=735 (full 3):
 PSYoungGen      total 4608K, used 704K [0x00000000d5580000, 0x00000000d5b00000, 0x0000000100000000)
  eden space 3584K, 0% used [0x00000000d5580000,0x00000000d5580000,0x00000000d5900000)
  from space 1024K, 68% used [0x00000000d5a00000,0x00000000d5ab0000,0x00000000d5b00000)
  to   space 1024K, 0% used [0x00000000d5900000,0x00000000d5900000,0x00000000d5a00000)
 ParOldGen       total 444928K, used 444510K [0x0000000080000000, 0x000000009b280000, 0x00000000d5580000)
  object space 444928K, 99% used [0x0000000080000000,0x000000009b217920,0x000000009b280000)
 Metaspace       used 62589K, committed 64064K, reserved 1114112K
  class space    used 6606K, committed 7296K, reserved 1048576K
}
Event: 12.362 GC heap before
{Heap before GC invocations=736 (full 3):
 PSYoungGen      total 4608K, used 4278K [0x00000000d5580000, 0x00000000d5b00000, 0x0000000100000000)
  eden space 3584K, 99% used [0x00000000d5580000,0x00000000d58fd828,0x00000000d5900000)
  from space 1024K, 68% used [0x00000000d5a00000,0x00000000d5ab0000,0x00000000d5b00000)
  to   space 1024K, 0% used [0x00000000d5900000,0x00000000d5900000,0x00000000d5a00000)
 ParOldGen       total 444928K, used 444510K [0x0000000080000000, 0x000000009b280000, 0x00000000d5580000)
  object space 444928K, 99% used [0x0000000080000000,0x000000009b217920,0x000000009b280000)
 Metaspace       used 62589K, committed 64064K, reserved 1114112K
  class space    used 6606K, committed 7296K, reserved 1048576K
}
Event: 12.363 GC heap after
{Heap after GC invocations=736 (full 3):
 PSYoungGen      total 4608K, used 672K [0x00000000d5580000, 0x00000000d5b00000, 0x0000000100000000)
  eden space 3584K, 0% used [0x00000000d5580000,0x00000000d5580000,0x00000000d5900000)
  from space 1024K, 65% used [0x00000000d5900000,0x00000000d59a8000,0x00000000d5a00000)
  to   space 1024K, 0% used [0x00000000d5a00000,0x00000000d5a00000,0x00000000d5b00000)
 ParOldGen       total 444928K, used 444922K [0x0000000080000000, 0x000000009b280000, 0x00000000d5580000)
  object space 444928K, 99% used [0x0000000080000000,0x000000009b27eb28,0x000000009b280000)
 Metaspace       used 62589K, committed 64064K, reserved 1114112K
  class space    used 6606K, committed 7296K, reserved 1048576K
}
Event: 12.371 GC heap before
{Heap before GC invocations=737 (full 3):
 PSYoungGen      total 4608K, used 4255K [0x00000000d5580000, 0x00000000d5b00000, 0x0000000100000000)
  eden space 3584K, 99% used [0x00000000d5580000,0x00000000d58fffe8,0x00000000d5900000)
  from space 1024K, 65% used [0x00000000d5900000,0x00000000d59a8000,0x00000000d5a00000)
  to   space 1024K, 0% used [0x00000000d5a00000,0x00000000d5a00000,0x00000000d5b00000)
 ParOldGen       total 444928K, used 444922K [0x0000000080000000, 0x000000009b280000, 0x00000000d5580000)
  object space 444928K, 99% used [0x0000000080000000,0x000000009b27eb28,0x000000009b280000)
 Metaspace       used 62589K, committed 64064K, reserved 1114112K
  class space    used 6606K, committed 7296K, reserved 1048576K
}
Event: 12.372 GC heap after
{Heap after GC invocations=737 (full 3):
 PSYoungGen      total 4608K, used 640K [0x00000000d5580000, 0x00000000d5b00000, 0x0000000100000000)
  eden space 3584K, 0% used [0x00000000d5580000,0x00000000d5580000,0x00000000d5900000)
  from space 1024K, 62% used [0x00000000d5a00000,0x00000000d5aa0000,0x00000000d5b00000)
  to   space 1024K, 0% used [0x00000000d5900000,0x00000000d5900000,0x00000000d5a00000)
 ParOldGen       total 445440K, used 445410K [0x0000000080000000, 0x000000009b300000, 0x00000000d5580000)
  object space 445440K, 99% used [0x0000000080000000,0x000000009b2f8b28,0x000000009b300000)
 Metaspace       used 62589K, committed 64064K, reserved 1114112K
  class space    used 6606K, committed 7296K, reserved 1048576K
}
Event: 12.381 GC heap before
{Heap before GC invocations=738 (full 3):
 PSYoungGen      total 4608K, used 4224K [0x00000000d5580000, 0x00000000d5b00000, 0x0000000100000000)
  eden space 3584K, 100% used [0x00000000d5580000,0x00000000d5900000,0x00000000d5900000)
  from space 1024K, 62% used [0x00000000d5a00000,0x00000000d5aa0000,0x00000000d5b00000)
  to   space 1024K, 0% used [0x00000000d5900000,0x00000000d5900000,0x00000000d5a00000)
 ParOldGen       total 445440K, used 445410K [0x0000000080000000, 0x000000009b300000, 0x00000000d5580000)
  object space 445440K, 99% used [0x0000000080000000,0x000000009b2f8b28,0x000000009b300000)
 Metaspace       used 62589K, committed 64064K, reserved 1114112K
  class space    used 6606K, committed 7296K, reserved 1048576K
}
Event: 12.382 GC heap after
{Heap after GC invocations=738 (full 3):
 PSYoungGen      total 4608K, used 780K [0x00000000d5580000, 0x00000000d5b00000, 0x0000000100000000)
  eden space 3584K, 0% used [0x00000000d5580000,0x00000000d5580000,0x00000000d5900000)
  from space 1024K, 76% used [0x00000000d5900000,0x00000000d59c30d8,0x00000000d5a00000)
  to   space 1024K, 0% used [0x00000000d5a00000,0x00000000d5a00000,0x00000000d5b00000)
 ParOldGen       total 445952K, used 445810K [0x0000000080000000, 0x000000009b380000, 0x00000000d5580000)
  object space 445952K, 99% used [0x0000000080000000,0x000000009b35cb28,0x000000009b380000)
 Metaspace       used 62589K, committed 64064K, reserved 1114112K
  class space    used 6606K, committed 7296K, reserved 1048576K
}
Event: 12.389 GC heap before
{Heap before GC invocations=739 (full 3):
 PSYoungGen      total 4608K, used 4364K [0x00000000d5580000, 0x00000000d5b00000, 0x0000000100000000)
  eden space 3584K, 100% used [0x00000000d5580000,0x00000000d5900000,0x00000000d5900000)
  from space 1024K, 76% used [0x00000000d5900000,0x00000000d59c30d8,0x00000000d5a00000)
  to   space 1024K, 0% used [0x00000000d5a00000,0x00000000d5a00000,0x00000000d5b00000)
 ParOldGen       total 445952K, used 445810K [0x0000000080000000, 0x000000009b380000, 0x00000000d5580000)
  object space 445952K, 99% used [0x0000000080000000,0x000000009b35cb28,0x000000009b380000)
 Metaspace       used 62589K, committed 64064K, reserved 1114112K
  class space    used 6606K, committed 7296K, reserved 1048576K
}
Event: 12.391 GC heap after
{Heap after GC invocations=739 (full 3):
 PSYoungGen      total 4608K, used 719K [0x00000000d5580000, 0x00000000d5b00000, 0x0000000100000000)
  eden space 3584K, 0% used [0x00000000d5580000,0x00000000d5580000,0x00000000d5900000)
  from space 1024K, 70% used [0x00000000d5a00000,0x00000000d5ab3f80,0x00000000d5b00000)
  to   space 1024K, 0% used [0x00000000d5900000,0x00000000d5900000,0x00000000d5a00000)
 ParOldGen       total 446464K, used 446234K [0x0000000080000000, 0x000000009b400000, 0x00000000d5580000)
  object space 446464K, 99% used [0x0000000080000000,0x000000009b3c6b28,0x000000009b400000)
 Metaspace       used 62589K, committed 64064K, reserved 1114112K
  class space    used 6606K, committed 7296K, reserved 1048576K
}
Event: 12.397 GC heap before
{Heap before GC invocations=740 (full 3):
 PSYoungGen      total 4608K, used 4303K [0x00000000d5580000, 0x00000000d5b00000, 0x0000000100000000)
  eden space 3584K, 100% used [0x00000000d5580000,0x00000000d5900000,0x00000000d5900000)
  from space 1024K, 70% used [0x00000000d5a00000,0x00000000d5ab3f80,0x00000000d5b00000)
  to   space 1024K, 0% used [0x00000000d5900000,0x00000000d5900000,0x00000000d5a00000)
 ParOldGen       total 446464K, used 446234K [0x0000000080000000, 0x000000009b400000, 0x00000000d5580000)
  object space 446464K, 99% used [0x0000000080000000,0x000000009b3c6b28,0x000000009b400000)
 Metaspace       used 62590K, committed 64064K, reserved 1114112K
  class space    used 6606K, committed 7296K, reserved 1048576K
}
Event: 12.398 GC heap after
{Heap after GC invocations=740 (full 3):
 PSYoungGen      total 4608K, used 847K [0x00000000d5580000, 0x00000000d5b00000, 0x0000000100000000)
  eden space 3584K, 0% used [0x00000000d5580000,0x00000000d5580000,0x00000000d5900000)
  from space 1024K, 82% used [0x00000000d5900000,0x00000000d59d3c38,0x00000000d5a00000)
  to   space 1024K, 0% used [0x00000000d5a00000,0x00000000d5a00000,0x00000000d5b00000)
 ParOldGen       total 446976K, used 446714K [0x0000000080000000, 0x000000009b480000, 0x00000000d5580000)
  object space 446976K, 99% used [0x0000000080000000,0x000000009b43eb28,0x000000009b480000)
 Metaspace       used 62590K, committed 64064K, reserved 1114112K
  class space    used 6606K, committed 7296K, reserved 1048576K
}
Event: 12.405 GC heap before
{Heap before GC invocations=741 (full 3):
 PSYoungGen      total 4608K, used 4431K [0x00000000d5580000, 0x00000000d5b00000, 0x0000000100000000)
  eden space 3584K, 100% used [0x00000000d5580000,0x00000000d5900000,0x00000000d5900000)
  from space 1024K, 82% used [0x00000000d5900000,0x00000000d59d3c38,0x00000000d5a00000)
  to   space 1024K, 0% used [0x00000000d5a00000,0x00000000d5a00000,0x00000000d5b00000)
 ParOldGen       total 446976K, used 446714K [0x0000000080000000, 0x000000009b480000, 0x00000000d5580000)
  object space 446976K, 99% used [0x0000000080000000,0x000000009b43eb28,0x000000009b480000)
 Metaspace       used 62590K, committed 64064K, reserved 1114112K
  class space    used 6606K, committed 7296K, reserved 1048576K
}

