TN:
SF:src\app\app.ts
FNF:0
FNH:0
DA:10,1
DA:11,3
LF:2
LH:2
BRF:0
BRH:0
end_of_record
TN:
SF:src\app\core\guards\admin.guard.ts
FN:6,(anonymous_0)
FNF:1
FNH:1
FNDA:4,(anonymous_0)
DA:6,1
DA:7,4
DA:8,4
DA:10,4
DA:11,2
DA:13,2
DA:14,2
LF:7
LH:7
BRDA:10,0,0,2
BRDA:10,0,1,2
BRF:2
BRH:2
end_of_record
TN:
SF:src\app\core\guards\auth.guard.ts
FN:6,(anonymous_0)
FNF:1
FNH:1
FNDA:3,(anonymous_0)
DA:6,1
DA:7,3
DA:8,3
DA:10,3
DA:11,2
DA:13,1
DA:14,1
LF:7
LH:7
BRDA:10,0,0,2
BRDA:10,0,1,1
BRF:2
BRH:2
end_of_record
TN:
SF:src\app\core\interceptors\auth.interceptor.ts
FN:8,(anonymous_0)
FN:12,(anonymous_1)
FN:20,(anonymous_2)
FNF:3
FNH:3
FNDA:5,(anonymous_0)
FNDA:4,(anonymous_1)
FNDA:4,(anonymous_2)
DA:8,1
DA:9,5
DA:11,5
DA:13,4
DA:14,2
DA:15,2
DA:20,4
LF:7
LH:7
BRDA:13,0,0,2
BRF:1
BRH:1
end_of_record
TN:
SF:src\app\core\services\auth.service.ts
FN:17,(anonymous_0)
FN:25,(anonymous_1)
FN:31,(anonymous_2)
FN:37,(anonymous_3)
FN:44,(anonymous_4)
FN:50,(anonymous_5)
FN:56,(anonymous_6)
FN:62,(anonymous_7)
FNF:8
FNH:8
FNDA:12,(anonymous_0)
FNDA:2,(anonymous_1)
FNDA:2,(anonymous_2)
FNDA:2,(anonymous_3)
FNDA:2,(anonymous_4)
FNDA:5,(anonymous_5)
FNDA:3,(anonymous_6)
FNDA:2,(anonymous_7)
DA:12,1
DA:15,12
DA:18,12
DA:19,12
DA:26,2
DA:31,2
DA:38,2
DA:39,2
DA:45,2
DA:51,5
DA:52,5
DA:57,3
DA:58,3
DA:63,2
LF:14
LH:14
BRDA:52,0,0,3
BRDA:52,0,1,2
BRF:2
BRH:2
end_of_record
TN:
SF:src\app\core\services\producto.service.ts
FN:16,(anonymous_0)
FN:20,(anonymous_1)
FN:26,(anonymous_2)
FN:32,(anonymous_3)
FN:38,(anonymous_4)
FN:44,(anonymous_5)
FNF:6
FNH:6
FNDA:8,(anonymous_0)
FNDA:2,(anonymous_1)
FNDA:1,(anonymous_2)
FNDA:1,(anonymous_3)
FNDA:1,(anonymous_4)
FNDA:2,(anonymous_5)
DA:11,1
DA:14,8
DA:16,8
DA:21,2
DA:27,1
DA:33,1
DA:39,1
DA:45,2
LF:8
LH:8
BRF:0
BRH:0
end_of_record
TN:
SF:src\app\core\services\usuario.service.ts
FN:16,(anonymous_0)
FN:20,(anonymous_1)
FN:26,(anonymous_2)
FN:32,(anonymous_3)
FN:38,(anonymous_4)
FN:44,(anonymous_5)
FNF:6
FNH:6
FNDA:10,(anonymous_0)
FNDA:2,(anonymous_1)
FNDA:2,(anonymous_2)
FNDA:2,(anonymous_3)
FNDA:1,(anonymous_4)
FNDA:2,(anonymous_5)
DA:11,1
DA:14,10
DA:16,10
DA:21,2
DA:27,2
DA:33,2
DA:39,1
DA:45,2
LF:8
LH:8
BRF:0
BRH:0
end_of_record
TN:
SF:src\app\pages\dashboard\dashboard.component.ts
FN:43,(anonymous_0)
FN:49,(anonymous_1)
FN:54,(anonymous_2)
FN:62,(anonymous_3)
FN:71,(anonymous_4)
FN:75,(anonymous_5)
FN:84,(anonymous_6)
FN:92,(anonymous_7)
FN:97,(anonymous_8)
FN:104,(anonymous_9)
FN:106,(anonymous_10)
FN:107,(anonymous_11)
FN:110,(anonymous_12)
FN:112,(anonymous_13)
FN:113,(anonymous_14)
FN:114,(anonymous_15)
FN:116,(anonymous_16)
FN:116,(anonymous_17)
FN:119,(anonymous_18)
FN:122,(anonymous_19)
FN:129,(anonymous_20)
FN:134,(anonymous_21)
FNF:22
FNH:20
FNDA:23,(anonymous_0)
FNDA:23,(anonymous_1)
FNDA:25,(anonymous_2)
FNDA:1,(anonymous_3)
FNDA:4,(anonymous_4)
FNDA:0,(anonymous_5)
FNDA:1,(anonymous_6)
FNDA:21,(anonymous_7)
FNDA:0,(anonymous_8)
FNDA:21,(anonymous_9)
FNDA:60,(anonymous_10)
FNDA:60,(anonymous_11)
FNDA:25,(anonymous_12)
FNDA:64,(anonymous_13)
FNDA:64,(anonymous_14)
FNDA:64,(anonymous_15)
FNDA:64,(anonymous_16)
FNDA:64,(anonymous_17)
FNDA:64,(anonymous_18)
FNDA:48,(anonymous_19)
FNDA:48,(anonymous_20)
FNDA:49,(anonymous_21)
DA:20,1
DA:22,23
DA:23,23
DA:26,23
DA:27,23
DA:30,23
DA:31,23
DA:32,23
DA:35,23
DA:36,23
DA:37,23
DA:38,23
DA:39,23
DA:40,23
DA:41,23
DA:44,23
DA:45,23
DA:46,23
DA:50,23
DA:51,23
DA:55,25
DA:56,25
DA:57,25
DA:60,25
DA:63,1
DA:64,1
DA:68,25
DA:70,4
DA:72,4
DA:73,4
DA:75,0
DA:77,4
DA:82,21
DA:85,1
DA:86,1
DA:91,21
DA:93,21
DA:94,21
DA:95,21
DA:99,0
DA:105,21
DA:106,60
DA:107,60
DA:111,25
DA:112,64
DA:113,64
DA:114,64
DA:115,25
DA:116,64
DA:118,25
DA:119,64
DA:123,48
DA:124,48
DA:125,48
DA:126,48
DA:130,48
DA:131,47
DA:135,49
DA:136,48
LF:59
LH:57
BRDA:68,0,0,4
BRDA:113,1,0,64
BRDA:113,1,1,20
BRDA:124,2,0,0
BRDA:125,3,0,0
BRDA:130,4,0,1
BRDA:135,5,0,1
BRDA:136,6,0,48
BRDA:136,6,1,0
BRF:9
BRH:6
end_of_record
TN:
SF:src\app\pages\login\login.component.ts
FN:32,(anonymous_0)
FN:38,(anonymous_1)
FN:60,(anonymous_2)
FN:61,(anonymous_3)
FN:64,(anonymous_4)
FN:69,(anonymous_5)
FN:80,(anonymous_6)
FN:89,(anonymous_7)
FN:93,(anonymous_8)
FNF:9
FNH:9
FNDA:17,(anonymous_0)
FNDA:18,(anonymous_1)
FNDA:147,(anonymous_2)
FNDA:145,(anonymous_3)
FNDA:2,(anonymous_4)
FNDA:6,(anonymous_5)
FNDA:2,(anonymous_6)
FNDA:2,(anonymous_7)
FNDA:2,(anonymous_8)
DA:21,1
DA:27,17
DA:30,17
DA:33,17
DA:34,17
DA:35,17
DA:40,18
DA:41,1
DA:42,1
DA:46,17
DA:60,147
DA:61,145
DA:65,2
DA:71,6
DA:72,2
DA:73,2
DA:76,4
DA:79,4
DA:82,2
DA:83,2
DA:90,2
DA:95,2
DA:96,2
DA:97,2
LF:24
LH:24
BRDA:40,0,0,1
BRDA:71,1,0,2
BRDA:96,2,0,2
BRDA:96,2,1,1
BRDA:96,2,2,1
BRDA:100,3,0,2
BRDA:100,3,1,0
BRF:7
BRH:6
end_of_record
TN:
SF:src\app\pages\productos\form-producto\form-producto.component.ts
FN:39,(anonymous_0)
FN:46,(anonymous_1)
FN:67,(anonymous_2)
FN:69,(anonymous_3)
FN:80,(anonymous_4)
FN:88,(anonymous_5)
FN:89,(anonymous_6)
FN:90,(anonymous_7)
FN:91,(anonymous_8)
FN:92,(anonymous_9)
FN:95,(anonymous_10)
FN:100,(anonymous_11)
FN:116,(anonymous_12)
FN:119,(anonymous_13)
FN:121,(anonymous_14)
FN:129,(anonymous_15)
FN:132,(anonymous_16)
FN:134,(anonymous_17)
FNF:18
FNH:18
FNDA:22,(anonymous_0)
FNDA:22,(anonymous_1)
FNDA:6,(anonymous_2)
FNDA:5,(anonymous_3)
FNDA:1,(anonymous_4)
FNDA:231,(anonymous_5)
FNDA:90,(anonymous_6)
FNDA:231,(anonymous_7)
FNDA:142,(anonymous_8)
FNDA:4,(anonymous_9)
FNDA:3,(anonymous_10)
FNDA:6,(anonymous_11)
FNDA:1,(anonymous_12)
FNDA:1,(anonymous_13)
FNDA:1,(anonymous_14)
FNDA:1,(anonymous_15)
FNDA:1,(anonymous_16)
FNDA:1,(anonymous_17)
DA:21,1
DA:27,22
DA:28,22
DA:31,22
DA:34,22
DA:40,22
DA:41,22
DA:42,22
DA:43,22
DA:48,22
DA:58,22
DA:59,22
DA:60,5
DA:61,5
DA:62,5
DA:68,6
DA:71,5
DA:81,1
DA:82,1
DA:88,231
DA:89,90
DA:90,231
DA:91,142
DA:92,4
DA:96,3
DA:101,6
DA:102,2
DA:103,2
DA:106,4
DA:107,4
DA:110,4
DA:111,4
DA:112,4
DA:114,4
DA:115,2
DA:117,1
DA:118,1
DA:119,1
DA:122,1
DA:123,1
DA:124,1
DA:128,2
DA:130,1
DA:131,1
DA:132,1
DA:135,1
DA:136,1
DA:137,1
LF:48
LH:48
BRDA:59,0,0,5
BRDA:73,1,0,5
BRDA:73,1,1,0
BRDA:76,2,0,5
BRDA:76,2,1,0
BRDA:101,3,0,2
BRDA:114,4,0,2
BRDA:114,4,1,2
BRDA:123,5,0,1
BRDA:123,5,1,1
BRDA:123,5,2,1
BRDA:124,6,0,1
BRDA:124,6,1,0
BRDA:136,7,0,1
BRDA:136,7,1,0
BRDA:136,7,2,0
BRDA:137,8,0,1
BRDA:137,8,1,0
BRF:18
BRH:12
end_of_record
TN:
SF:src\app\pages\productos\lista-productos\lista-productos.component.ts
FN:34,(anonymous_1)
FN:38,(anonymous_2)
FN:41,(anonymous_3)
FN:48,(anonymous_4)
FN:56,(anonymous_5)
FN:58,(anonymous_6)
FN:58,(anonymous_7)
FN:62,(anonymous_8)
FN:66,(anonymous_9)
FN:73,(anonymous_10)
FN:76,(anonymous_11)
FN:81,(anonymous_12)
FN:88,(anonymous_13)
FN:96,(anonymous_14)
FN:99,(anonymous_15)
FN:100,(anonymous_16)
FN:106,(anonymous_17)
FN:112,(anonymous_18)
FN:112,(anonymous_19)
FN:113,(anonymous_20)
FN:113,(anonymous_21)
FN:114,(anonymous_22)
FN:118,(anonymous_23)
FNF:23
FNH:18
FNDA:18,(anonymous_1)
FNDA:19,(anonymous_2)
FNDA:18,(anonymous_3)
FNDA:1,(anonymous_4)
FNDA:18,(anonymous_5)
FNDA:72,(anonymous_6)
FNDA:72,(anonymous_7)
FNDA:24,(anonymous_8)
FNDA:12,(anonymous_9)
FNDA:5,(anonymous_10)
FNDA:4,(anonymous_11)
FNDA:1,(anonymous_12)
FNDA:0,(anonymous_13)
FNDA:0,(anonymous_14)
FNDA:0,(anonymous_15)
FNDA:0,(anonymous_16)
FNDA:0,(anonymous_17)
FNDA:56,(anonymous_18)
FNDA:224,(anonymous_19)
FNDA:111,(anonymous_20)
FNDA:444,(anonymous_21)
FNDA:112,(anonymous_22)
FNDA:223,(anonymous_23)
DA:18,1
DA:20,18
DA:21,18
DA:22,18
DA:23,18
DA:24,18
DA:25,18
DA:26,18
DA:29,18
DA:30,18
DA:31,18
DA:35,18
DA:39,19
DA:40,19
DA:42,18
DA:43,18
DA:44,18
DA:45,18
DA:46,18
DA:49,1
DA:50,1
DA:51,1
DA:57,18
DA:58,72
DA:63,24
DA:64,24
DA:65,24
DA:66,3
DA:67,12
DA:72,24
DA:73,5
DA:75,24
DA:76,4
DA:78,24
DA:82,1
DA:83,1
DA:84,1
DA:85,1
DA:89,0
DA:97,0
DA:98,0
DA:100,0
DA:101,0
DA:102,0
DA:103,0
DA:104,0
DA:106,0
DA:112,224
DA:113,444
DA:115,112
DA:119,223
DA:120,167
DA:121,166
LF:53
LH:44
BRDA:65,0,0,3
BRDA:67,1,0,12
BRDA:67,1,1,10
BRDA:67,1,2,3
BRDA:67,1,3,9
BRDA:67,1,4,3
BRDA:72,2,0,2
BRDA:75,3,0,1
BRDA:97,4,0,0
BRDA:115,5,0,112
BRDA:115,5,1,111
BRDA:115,5,2,111
BRDA:119,6,0,56
BRDA:120,7,0,1
BRF:14
BRH:13
end_of_record
TN:
SF:src\app\pages\usuarios\form-usuario\form-usuario.component.ts
FN:38,(anonymous_0)
FN:45,(anonymous_1)
FN:71,(anonymous_2)
FN:73,(anonymous_3)
FN:84,(anonymous_4)
FN:92,(anonymous_5)
FN:93,(anonymous_6)
FN:94,(anonymous_7)
FN:95,(anonymous_8)
FN:96,(anonymous_9)
FN:99,(anonymous_10)
FN:120,(anonymous_11)
FN:123,(anonymous_12)
FN:125,(anonymous_13)
FN:135,(anonymous_14)
FN:138,(anonymous_15)
FN:140,(anonymous_16)
FNF:17
FNH:16
FNDA:18,(anonymous_0)
FNDA:18,(anonymous_1)
FNDA:6,(anonymous_2)
FNDA:5,(anonymous_3)
FNDA:1,(anonymous_4)
FNDA:181,(anonymous_5)
FNDA:145,(anonymous_6)
FNDA:105,(anonymous_7)
FNDA:78,(anonymous_8)
FNDA:6,(anonymous_9)
FNDA:6,(anonymous_10)
FNDA:1,(anonymous_11)
FNDA:1,(anonymous_12)
FNDA:0,(anonymous_13)
FNDA:1,(anonymous_14)
FNDA:1,(anonymous_15)
FNDA:1,(anonymous_16)
DA:21,1
DA:27,18
DA:30,18
DA:33,18
DA:36,18
DA:39,18
DA:40,18
DA:41,18
DA:42,18
DA:47,18
DA:57,18
DA:58,18
DA:59,5
DA:60,5
DA:61,5
DA:64,5
DA:65,5
DA:66,5
DA:72,6
DA:76,5
DA:85,1
DA:86,1
DA:92,181
DA:93,145
DA:94,105
DA:95,78
DA:96,6
DA:100,6
DA:101,2
DA:102,2
DA:105,4
DA:106,4
DA:108,4
DA:112,2
DA:114,1
DA:115,1
DA:116,1
DA:119,1
DA:121,1
DA:122,1
DA:123,1
DA:126,0
DA:127,0
DA:128,0
DA:134,2
DA:136,1
DA:137,1
DA:138,1
DA:141,1
DA:142,1
DA:143,1
LF:51
LH:48
BRDA:58,0,0,5
BRDA:100,1,0,2
BRDA:108,2,0,2
BRDA:108,2,1,2
BRDA:112,3,0,1
BRDA:127,4,0,0
BRDA:127,4,1,0
BRDA:127,4,2,0
BRDA:128,5,0,0
BRDA:128,5,1,0
BRDA:142,6,0,1
BRDA:142,6,1,0
BRDA:142,6,2,0
BRDA:143,7,0,1
BRDA:143,7,1,0
BRF:15
BRH:7
end_of_record
TN:
SF:src\app\pages\usuarios\lista-usuarios\lista-usuarios.component.ts
FN:29,(anonymous_1)
FN:33,(anonymous_2)
FN:36,(anonymous_3)
FN:42,(anonymous_4)
FN:50,(anonymous_5)
FN:56,(anonymous_6)
FN:63,(anonymous_7)
FN:71,(anonymous_8)
FN:74,(anonymous_9)
FN:75,(anonymous_10)
FN:80,(anonymous_11)
FN:89,(anonymous_12)
FN:99,(anonymous_13)
FN:103,(anonymous_14)
FN:104,(anonymous_15)
FN:110,(anonymous_16)
FN:116,(anonymous_17)
FN:116,(anonymous_18)
FN:117,(anonymous_19)
FN:117,(anonymous_20)
FNF:20
FNH:10
FNDA:13,(anonymous_1)
FNDA:14,(anonymous_2)
FNDA:13,(anonymous_3)
FNDA:1,(anonymous_4)
FNDA:5,(anonymous_5)
FNDA:12,(anonymous_6)
FNDA:0,(anonymous_7)
FNDA:0,(anonymous_8)
FNDA:0,(anonymous_9)
FNDA:0,(anonymous_10)
FNDA:0,(anonymous_11)
FNDA:0,(anonymous_12)
FNDA:0,(anonymous_13)
FNDA:0,(anonymous_14)
FNDA:0,(anonymous_15)
FNDA:0,(anonymous_16)
FNDA:41,(anonymous_17)
FNDA:123,(anonymous_18)
FNDA:41,(anonymous_19)
FNDA:123,(anonymous_20)
DA:17,1
DA:19,13
DA:20,13
DA:21,13
DA:22,13
DA:25,13
DA:26,13
DA:30,13
DA:34,14
DA:35,14
DA:37,13
DA:38,13
DA:39,13
DA:40,13
DA:43,1
DA:44,1
DA:45,1
DA:51,5
DA:52,5
DA:53,1
DA:54,1
DA:56,4
DA:57,12
DA:64,0
DA:72,0
DA:73,0
DA:75,0
DA:76,0
DA:77,0
DA:78,0
DA:81,0
DA:82,0
DA:90,0
DA:91,0
DA:93,0
DA:100,0
DA:101,0
DA:102,0
DA:104,0
DA:105,0
DA:106,0
DA:107,0
DA:108,0
DA:110,0
DA:116,123
DA:117,123
LF:46
LH:25
BRDA:52,0,0,1
BRDA:57,1,0,12
BRDA:57,1,1,11
BRDA:57,1,2,10
BRDA:72,2,0,0
BRDA:81,3,0,0
BRDA:81,3,1,0
BRDA:82,4,0,0
BRDA:82,4,1,0
BRDA:90,5,0,0
BRDA:90,5,1,0
BRDA:91,6,0,0
BRDA:91,6,1,0
BRDA:100,7,0,0
BRDA:105,8,0,0
BRDA:108,9,0,0
BRDA:108,9,1,0
BRF:17
BRH:4
end_of_record
TN:
SF:src\app\shared\components\navbar\navbar.component.ts
FN:24,(anonymous_0)
FN:29,(anonymous_1)
FN:35,(anonymous_2)
FN:40,(anonymous_3)
FN:48,(anonymous_4)
FN:53,(anonymous_5)
FN:58,(anonymous_6)
FN:66,(anonymous_7)
FNF:8
FNH:7
FNDA:13,(anonymous_0)
FNDA:13,(anonymous_1)
FNDA:55,(anonymous_2)
FNDA:107,(anonymous_3)
FNDA:2,(anonymous_4)
FNDA:1,(anonymous_5)
FNDA:1,(anonymous_6)
FNDA:0,(anonymous_7)
DA:16,1
DA:19,13
DA:22,13
DA:25,13
DA:26,13
DA:31,13
DA:36,55
DA:41,107
DA:42,105
DA:44,2
DA:49,2
DA:54,1
DA:59,1
DA:67,0
DA:68,0
LF:15
LH:13
BRDA:36,0,0,55
BRDA:36,0,1,1
BRDA:41,1,0,105
BRDA:67,2,0,0
BRF:4
BRH:3
end_of_record
TN:
SF:src\environments\environment.ts
FNF:0
FNH:0
DA:2,1
LF:1
LH:1
BRF:0
BRH:0
end_of_record
